2024-06-09 11:35:24,834 [INFO] com.example.FeanApplication [restartedMain] Starting FeanApplication using Java 17.0.11 with PID 41764 (D:\Developer\Udemy\StudyEasy\FullStackJava\works\jsp-servlets\Feane\target\classes started by romik in D:\Developer\Udemy\StudyEasy\FullStackJava\works\jsp-servlets\Feane)
2024-06-09 11:35:24,834 [INFO] com.example.FeanApplication [restartedMain] No active profile set, falling back to 1 default profile: "default"
2024-06-09 11:35:24,959 [INFO] org.springframework.data.repository.config.RepositoryConfigurationDelegate [restartedMain] Bootstrapping Spring Data JPA repositories in DEFAULT mode.
2024-06-09 11:35:24,968 [INFO] org.springframework.data.repository.config.RepositoryConfigurationDelegate [restartedMain] Finished Spring Data repository scanning in 9 ms. Found 3 JPA repository interfaces.
2024-06-09 11:35:25,049 [INFO] org.springframework.boot.web.embedded.tomcat.TomcatWebServer [restartedMain] Tomcat initialized with port 8080 (http)
2024-06-09 11:35:25,050 [INFO] org.apache.catalina.core.StandardService [restartedMain] Starting service [Tomcat]
2024-06-09 11:35:25,050 [INFO] org.apache.catalina.core.StandardEngine [restartedMain] Starting Servlet engine: [Apache Tomcat/10.1.24]
2024-06-09 11:35:25,067 [INFO] org.apache.catalina.core.ContainerBase.[Tomcat].[localhost].[/] [restartedMain] Initializing Spring embedded WebApplicationContext
2024-06-09 11:35:25,067 [INFO] org.springframework.boot.web.servlet.context.ServletWebServerApplicationContext [restartedMain] Root WebApplicationContext: initialization completed in 231 ms
2024-06-09 11:35:25,076 [INFO] com.zaxxer.hikari.HikariDataSource [restartedMain] HikariPool-2 - Starting...
2024-06-09 11:35:25,087 [INFO] com.zaxxer.hikari.pool.HikariPool [restartedMain] HikariPool-2 - Added connection conn10: url=jdbc:h2:file:./db/blogdb user=ADMIN
2024-06-09 11:35:25,087 [INFO] com.zaxxer.hikari.HikariDataSource [restartedMain] HikariPool-2 - Start completed.
2024-06-09 11:35:25,087 [INFO] org.springframework.boot.autoconfigure.h2.H2ConsoleAutoConfiguration [restartedMain] H2 console available at '/db-console'. Database available at 'jdbc:h2:file:./db/blogdb'
2024-06-09 11:35:25,114 [INFO] org.hibernate.jpa.internal.util.LogHelper [restartedMain] HHH000204: Processing PersistenceUnitInfo [name: default]
2024-06-09 11:35:25,116 [INFO] org.hibernate.cache.internal.RegionFactoryInitiator [restartedMain] HHH000026: Second-level cache disabled
2024-06-09 11:35:25,124 [INFO] org.springframework.orm.jpa.persistenceunit.SpringPersistenceUnitInfo [restartedMain] No LoadTimeWeaver setup: ignoring JPA class transformer
2024-06-09 11:35:25,181 [INFO] org.hibernate.engine.transaction.jta.platform.internal.JtaPlatformInitiator [restartedMain] HHH000489: No JTA platform available (set 'hibernate.transaction.jta.platform' to enable JTA platform integration)
2024-06-09 11:35:25,189 [INFO] org.springframework.orm.jpa.LocalContainerEntityManagerFactoryBean [restartedMain] Initialized JPA EntityManagerFactory for persistence unit 'default'
2024-06-09 11:35:25,238 [WARN] org.springframework.boot.autoconfigure.orm.jpa.JpaBaseConfiguration$JpaWebConfiguration [restartedMain] spring.jpa.open-in-view is enabled by default. Therefore, database queries may be performed during view rendering. Explicitly configure spring.jpa.open-in-view to disable this warning
2024-06-09 11:35:25,243 [INFO] org.springframework.security.config.annotation.authentication.configuration.InitializeUserDetailsBeanManagerConfigurer$InitializeUserDetailsManagerConfigurer [restartedMain] Global AuthenticationManager configured with UserDetailsService bean with name accountService
2024-06-09 11:35:25,290 [INFO] org.springframework.security.web.DefaultSecurityFilterChain [restartedMain] Will secure any request with [org.springframework.security.web.session.DisableEncodeUrlFilter@d169da0, org.springframework.security.web.context.request.async.WebAsyncManagerIntegrationFilter@118d11ab, org.springframework.security.web.context.SecurityContextHolderFilter@2184c6b3, org.springframework.security.web.header.HeaderWriterFilter@11e332aa, org.springframework.web.filter.CorsFilter@63bc6630, org.springframework.security.web.authentication.logout.LogoutFilter@77526857, org.springframework.security.web.authentication.UsernamePasswordAuthenticationFilter@2c160233, org.springframework.security.web.authentication.www.BasicAuthenticationFilter@6873561c, org.springframework.security.web.savedrequest.RequestCacheAwareFilter@77cf68c3, org.springframework.security.web.servletapi.SecurityContextHolderAwareRequestFilter@749f74b4, org.springframework.security.web.authentication.rememberme.RememberMeAuthenticationFilter@5377b37d, org.springframework.security.web.authentication.AnonymousAuthenticationFilter@d3ecd61, org.springframework.security.web.access.ExceptionTranslationFilter@4a99295f, org.springframework.security.web.access.intercept.AuthorizationFilter@4862cbb8]
2024-06-09 11:35:25,339 [INFO] org.springframework.boot.devtools.autoconfigure.OptionalLiveReloadServer [restartedMain] LiveReload server is running on port 35729
2024-06-09 11:35:25,350 [INFO] org.springframework.boot.web.embedded.tomcat.TomcatWebServer [restartedMain] Tomcat started on port 8080 (http) with context path '/'
2024-06-09 11:35:25,354 [INFO] com.example.FeanApplication [restartedMain] Started FeanApplication in 0.557 seconds (process running for 230.959)
2024-06-09 11:35:25,615 [INFO] org.springframework.boot.devtools.autoconfigure.ConditionEvaluationDeltaLoggingListener [restartedMain] Condition evaluation unchanged
2024-06-09 11:35:31,847 [INFO] org.apache.catalina.core.ContainerBase.[Tomcat].[localhost].[/] [http-nio-8080-exec-1] Initializing Spring DispatcherServlet 'dispatcherServlet'
2024-06-09 11:35:31,847 [INFO] org.springframework.web.servlet.DispatcherServlet [http-nio-8080-exec-1] Initializing Servlet 'dispatcherServlet'
2024-06-09 11:35:31,848 [INFO] org.springframework.web.servlet.DispatcherServlet [http-nio-8080-exec-1] Completed initialization in 1 ms
2024-06-09 11:35:31,850 [INFO] com.example.ApiController.HomeApiController [http-nio-8080-exec-1] Logging posts at /api/v1/home
2024-06-09 11:35:31,863 [WARN] org.springframework.web.servlet.mvc.support.DefaultHandlerExceptionResolver [http-nio-8080-exec-1] Ignoring exception, response committed already: org.springframework.http.converter.HttpMessageNotWritableException: Could not write JSON: Document nesting depth (1001) exceeds the maximum allowed (1000, from `StreamWriteConstraints.getMaxNestingDepth()`)
2024-06-09 11:35:31,863 [WARN] org.springframework.web.servlet.mvc.support.DefaultHandlerExceptionResolver [http-nio-8080-exec-1] Resolved [org.springframework.http.converter.HttpMessageNotWritableException: Could not write JSON: Document nesting depth (1001) exceeds the maximum allowed (1000, from `StreamWriteConstraints.getMaxNestingDepth()`)]
2024-06-09 11:35:58,255 [INFO] com.example.ApiController.HomeApiController [http-nio-8080-exec-5] Logging posts at /api/v1/home
2024-06-09 11:35:58,262 [WARN] org.springframework.web.servlet.mvc.support.DefaultHandlerExceptionResolver [http-nio-8080-exec-5] Ignoring exception, response committed already: org.springframework.http.converter.HttpMessageNotWritableException: Could not write JSON: Document nesting depth (1001) exceeds the maximum allowed (1000, from `StreamWriteConstraints.getMaxNestingDepth()`)
2024-06-09 11:35:58,262 [WARN] org.springframework.web.servlet.mvc.support.DefaultHandlerExceptionResolver [http-nio-8080-exec-5] Resolved [org.springframework.http.converter.HttpMessageNotWritableException: Could not write JSON: Document nesting depth (1001) exceeds the maximum allowed (1000, from `StreamWriteConstraints.getMaxNestingDepth()`)]
2024-06-09 11:53:27,585 [INFO] org.springframework.boot.devtools.autoconfigure.LocalDevToolsAutoConfiguration$RestartingClassPathChangeChangedEventListener [File Watcher] Restarting due to 1 class path change (0 additions, 0 deletions, 1 modification)
2024-06-09 11:53:27,609 [INFO] org.springframework.orm.jpa.LocalContainerEntityManagerFactoryBean [Thread-8] Closing JPA EntityManagerFactory for persistence unit 'default'
2024-06-09 11:53:27,611 [INFO] com.zaxxer.hikari.HikariDataSource [Thread-8] HikariPool-2 - Shutdown initiated...
2024-06-09 11:53:27,825 [INFO] com.zaxxer.hikari.HikariDataSource [Thread-8] HikariPool-2 - Shutdown completed.
2024-06-09 11:53:27,876 [INFO] com.example.FeanApplication [restartedMain] Starting FeanApplication using Java 17.0.11 with PID 41764 (D:\Developer\Udemy\StudyEasy\FullStackJava\works\jsp-servlets\Feane\target\classes started by romik in D:\Developer\Udemy\StudyEasy\FullStackJava\works\jsp-servlets\Feane)
2024-06-09 11:53:27,877 [INFO] com.example.FeanApplication [restartedMain] No active profile set, falling back to 1 default profile: "default"
2024-06-09 11:53:27,989 [INFO] org.springframework.data.repository.config.RepositoryConfigurationDelegate [restartedMain] Bootstrapping Spring Data JPA repositories in DEFAULT mode.
2024-06-09 11:53:27,997 [INFO] org.springframework.data.repository.config.RepositoryConfigurationDelegate [restartedMain] Finished Spring Data repository scanning in 7 ms. Found 3 JPA repository interfaces.
2024-06-09 11:53:28,054 [INFO] org.springframework.boot.web.embedded.tomcat.TomcatWebServer [restartedMain] Tomcat initialized with port 8080 (http)
2024-06-09 11:53:28,054 [INFO] org.apache.catalina.core.StandardService [restartedMain] Starting service [Tomcat]
2024-06-09 11:53:28,055 [INFO] org.apache.catalina.core.StandardEngine [restartedMain] Starting Servlet engine: [Apache Tomcat/10.1.24]
2024-06-09 11:53:28,070 [INFO] org.apache.catalina.core.ContainerBase.[Tomcat].[localhost].[/] [restartedMain] Initializing Spring embedded WebApplicationContext
2024-06-09 11:53:28,070 [INFO] org.springframework.boot.web.servlet.context.ServletWebServerApplicationContext [restartedMain] Root WebApplicationContext: initialization completed in 192 ms
2024-06-09 11:53:28,077 [INFO] com.zaxxer.hikari.HikariDataSource [restartedMain] HikariPool-3 - Starting...
2024-06-09 11:53:28,087 [INFO] com.zaxxer.hikari.pool.HikariPool [restartedMain] HikariPool-3 - Added connection conn20: url=jdbc:h2:file:./db/blogdb user=ADMIN
2024-06-09 11:53:28,088 [INFO] com.zaxxer.hikari.HikariDataSource [restartedMain] HikariPool-3 - Start completed.
2024-06-09 11:53:28,088 [INFO] org.springframework.boot.autoconfigure.h2.H2ConsoleAutoConfiguration [restartedMain] H2 console available at '/db-console'. Database available at 'jdbc:h2:file:./db/blogdb'
2024-06-09 11:53:28,104 [INFO] org.hibernate.jpa.internal.util.LogHelper [restartedMain] HHH000204: Processing PersistenceUnitInfo [name: default]
2024-06-09 11:53:28,106 [INFO] org.hibernate.cache.internal.RegionFactoryInitiator [restartedMain] HHH000026: Second-level cache disabled
2024-06-09 11:53:28,111 [INFO] org.springframework.orm.jpa.persistenceunit.SpringPersistenceUnitInfo [restartedMain] No LoadTimeWeaver setup: ignoring JPA class transformer
2024-06-09 11:53:28,157 [INFO] org.hibernate.engine.transaction.jta.platform.internal.JtaPlatformInitiator [restartedMain] HHH000489: No JTA platform available (set 'hibernate.transaction.jta.platform' to enable JTA platform integration)
2024-06-09 11:53:28,172 [INFO] org.springframework.orm.jpa.LocalContainerEntityManagerFactoryBean [restartedMain] Initialized JPA EntityManagerFactory for persistence unit 'default'
2024-06-09 11:53:28,216 [WARN] org.springframework.boot.autoconfigure.orm.jpa.JpaBaseConfiguration$JpaWebConfiguration [restartedMain] spring.jpa.open-in-view is enabled by default. Therefore, database queries may be performed during view rendering. Explicitly configure spring.jpa.open-in-view to disable this warning
2024-06-09 11:53:28,220 [INFO] org.springframework.security.config.annotation.authentication.configuration.InitializeUserDetailsBeanManagerConfigurer$InitializeUserDetailsManagerConfigurer [restartedMain] Global AuthenticationManager configured with UserDetailsService bean with name accountService
2024-06-09 11:53:28,253 [INFO] org.springframework.security.web.DefaultSecurityFilterChain [restartedMain] Will secure any request with [org.springframework.security.web.session.DisableEncodeUrlFilter@30628e1e, org.springframework.security.web.context.request.async.WebAsyncManagerIntegrationFilter@40f2d11b, org.springframework.security.web.context.SecurityContextHolderFilter@3610e828, org.springframework.security.web.header.HeaderWriterFilter@24e8423b, org.springframework.web.filter.CorsFilter@77c64d25, org.springframework.security.web.authentication.logout.LogoutFilter@558141bb, org.springframework.security.web.authentication.UsernamePasswordAuthenticationFilter@192d39b0, org.springframework.security.web.authentication.www.BasicAuthenticationFilter@467e2fb7, org.springframework.security.web.savedrequest.RequestCacheAwareFilter@22de77cf, org.springframework.security.web.servletapi.SecurityContextHolderAwareRequestFilter@27ed749, org.springframework.security.web.authentication.rememberme.RememberMeAuthenticationFilter@436d4ddf, org.springframework.security.web.authentication.AnonymousAuthenticationFilter@5e6cf5b7, org.springframework.security.web.access.ExceptionTranslationFilter@1b677ce9, org.springframework.security.web.access.intercept.AuthorizationFilter@70007f8b]
2024-06-09 11:53:28,285 [INFO] org.springframework.boot.devtools.autoconfigure.OptionalLiveReloadServer [restartedMain] LiveReload server is running on port 35729
2024-06-09 11:53:28,293 [INFO] org.springframework.boot.web.embedded.tomcat.TomcatWebServer [restartedMain] Tomcat started on port 8080 (http) with context path '/'
2024-06-09 11:53:28,295 [INFO] com.example.FeanApplication [restartedMain] Started FeanApplication in 0.434 seconds (process running for 1313.9)
2024-06-09 11:53:28,546 [INFO] org.springframework.boot.devtools.autoconfigure.ConditionEvaluationDeltaLoggingListener [restartedMain] Condition evaluation unchanged
2024-06-09 11:53:31,386 [INFO] org.apache.catalina.core.ContainerBase.[Tomcat].[localhost].[/] [http-nio-8080-exec-1] Initializing Spring DispatcherServlet 'dispatcherServlet'
2024-06-09 11:53:31,386 [INFO] org.springframework.web.servlet.DispatcherServlet [http-nio-8080-exec-1] Initializing Servlet 'dispatcherServlet'
2024-06-09 11:53:31,386 [INFO] org.springframework.web.servlet.DispatcherServlet [http-nio-8080-exec-1] Completed initialization in 0 ms
2024-06-09 11:53:36,841 [INFO] org.springframework.boot.admin.SpringApplicationAdminMXBeanRegistrar$SpringApplicationAdmin [RMI TCP Connection(25)-127.0.0.1] Application shutdown requested.
2024-06-09 11:53:36,864 [INFO] org.springframework.orm.jpa.LocalContainerEntityManagerFactoryBean [RMI TCP Connection(25)-127.0.0.1] Closing JPA EntityManagerFactory for persistence unit 'default'
2024-06-09 11:53:36,866 [INFO] com.zaxxer.hikari.HikariDataSource [RMI TCP Connection(25)-127.0.0.1] HikariPool-3 - Shutdown initiated...
2024-06-09 11:53:37,072 [INFO] com.zaxxer.hikari.HikariDataSource [RMI TCP Connection(25)-127.0.0.1] HikariPool-3 - Shutdown completed.
2024-06-09 11:53:38,883 [INFO] com.example.FeanApplication [restartedMain] Starting FeanApplication using Java 17.0.11 with PID 33856 (D:\Developer\Udemy\StudyEasy\FullStackJava\works\jsp-servlets\Feane\target\classes started by romik in D:\Developer\Udemy\StudyEasy\FullStackJava\works\jsp-servlets\Feane)
2024-06-09 11:53:38,885 [INFO] com.example.FeanApplication [restartedMain] No active profile set, falling back to 1 default profile: "default"
2024-06-09 11:53:38,913 [INFO] org.springframework.boot.devtools.env.DevToolsPropertyDefaultsPostProcessor [restartedMain] Devtools property defaults active! Set 'spring.devtools.add-properties' to 'false' to disable
2024-06-09 11:53:38,913 [INFO] org.springframework.boot.devtools.env.DevToolsPropertyDefaultsPostProcessor [restartedMain] For additional web related logging consider setting the 'logging.level.web' property to 'DEBUG'
2024-06-09 11:53:39,386 [INFO] org.springframework.data.repository.config.RepositoryConfigurationDelegate [restartedMain] Bootstrapping Spring Data JPA repositories in DEFAULT mode.
2024-06-09 11:53:39,422 [INFO] org.springframework.data.repository.config.RepositoryConfigurationDelegate [restartedMain] Finished Spring Data repository scanning in 30 ms. Found 3 JPA repository interfaces.
2024-06-09 11:53:39,756 [INFO] org.springframework.boot.web.embedded.tomcat.TomcatWebServer [restartedMain] Tomcat initialized with port 8080 (http)
2024-06-09 11:53:39,764 [INFO] org.apache.catalina.core.StandardService [restartedMain] Starting service [Tomcat]
2024-06-09 11:53:39,764 [INFO] org.apache.catalina.core.StandardEngine [restartedMain] Starting Servlet engine: [Apache Tomcat/10.1.24]
2024-06-09 11:53:39,804 [INFO] org.apache.catalina.core.ContainerBase.[Tomcat].[localhost].[/] [restartedMain] Initializing Spring embedded WebApplicationContext
2024-06-09 11:53:39,804 [INFO] org.springframework.boot.web.servlet.context.ServletWebServerApplicationContext [restartedMain] Root WebApplicationContext: initialization completed in 891 ms
2024-06-09 11:53:39,821 [INFO] com.zaxxer.hikari.HikariDataSource [restartedMain] HikariPool-1 - Starting...
2024-06-09 11:53:39,958 [INFO] com.zaxxer.hikari.pool.HikariPool [restartedMain] HikariPool-1 - Added connection conn0: url=jdbc:h2:file:./db/blogdb user=ADMIN
2024-06-09 11:53:39,960 [INFO] com.zaxxer.hikari.HikariDataSource [restartedMain] HikariPool-1 - Start completed.
2024-06-09 11:53:39,970 [INFO] org.springframework.boot.autoconfigure.h2.H2ConsoleAutoConfiguration [restartedMain] H2 console available at '/db-console'. Database available at 'jdbc:h2:file:./db/blogdb'
2024-06-09 11:53:40,056 [INFO] org.hibernate.jpa.internal.util.LogHelper [restartedMain] HHH000204: Processing PersistenceUnitInfo [name: default]
2024-06-09 11:53:40,089 [INFO] org.hibernate.Version [restartedMain] HHH000412: Hibernate ORM core version 6.5.2.Final
2024-06-09 11:53:40,111 [INFO] org.hibernate.cache.internal.RegionFactoryInitiator [restartedMain] HHH000026: Second-level cache disabled
2024-06-09 11:53:40,290 [INFO] org.springframework.orm.jpa.persistenceunit.SpringPersistenceUnitInfo [restartedMain] No LoadTimeWeaver setup: ignoring JPA class transformer
2024-06-09 11:53:40,904 [INFO] org.hibernate.engine.transaction.jta.platform.internal.JtaPlatformInitiator [restartedMain] HHH000489: No JTA platform available (set 'hibernate.transaction.jta.platform' to enable JTA platform integration)
2024-06-09 11:53:40,946 [INFO] org.springframework.orm.jpa.LocalContainerEntityManagerFactoryBean [restartedMain] Initialized JPA EntityManagerFactory for persistence unit 'default'
2024-06-09 11:53:41,183 [WARN] org.springframework.boot.autoconfigure.orm.jpa.JpaBaseConfiguration$JpaWebConfiguration [restartedMain] spring.jpa.open-in-view is enabled by default. Therefore, database queries may be performed during view rendering. Explicitly configure spring.jpa.open-in-view to disable this warning
2024-06-09 11:53:41,195 [INFO] org.springframework.security.config.annotation.authentication.configuration.InitializeUserDetailsBeanManagerConfigurer$InitializeUserDetailsManagerConfigurer [restartedMain] Global AuthenticationManager configured with UserDetailsService bean with name accountService
2024-06-09 11:53:41,348 [INFO] org.springframework.security.web.DefaultSecurityFilterChain [restartedMain] Will secure any request with [org.springframework.security.web.session.DisableEncodeUrlFilter@6799e94f, org.springframework.security.web.context.request.async.WebAsyncManagerIntegrationFilter@1f5e6837, org.springframework.security.web.context.SecurityContextHolderFilter@51e0ea8b, org.springframework.security.web.header.HeaderWriterFilter@260138dd, org.springframework.web.filter.CorsFilter@23b1bcca, org.springframework.security.web.authentication.logout.LogoutFilter@4052195f, org.springframework.security.web.authentication.UsernamePasswordAuthenticationFilter@4615c02d, org.springframework.security.web.authentication.www.BasicAuthenticationFilter@761ff957, org.springframework.security.web.savedrequest.RequestCacheAwareFilter@6bcd400d, org.springframework.security.web.servletapi.SecurityContextHolderAwareRequestFilter@70635dee, org.springframework.security.web.authentication.rememberme.RememberMeAuthenticationFilter@24f30402, org.springframework.security.web.authentication.AnonymousAuthenticationFilter@663591d5, org.springframework.security.web.access.ExceptionTranslationFilter@60b903f7, org.springframework.security.web.access.intercept.AuthorizationFilter@77af4910]
2024-06-09 11:53:41,489 [INFO] org.springframework.boot.devtools.autoconfigure.OptionalLiveReloadServer [restartedMain] LiveReload server is running on port 35729
2024-06-09 11:53:41,512 [INFO] org.springframework.boot.web.embedded.tomcat.TomcatWebServer [restartedMain] Tomcat started on port 8080 (http) with context path '/'
2024-06-09 11:53:41,519 [INFO] com.example.FeanApplication [restartedMain] Started FeanApplication in 2.889 seconds (process running for 3.312)
2024-06-09 11:53:51,524 [INFO] org.apache.catalina.core.ContainerBase.[Tomcat].[localhost].[/] [http-nio-8080-exec-1] Initializing Spring DispatcherServlet 'dispatcherServlet'
2024-06-09 11:53:51,524 [INFO] org.springframework.web.servlet.DispatcherServlet [http-nio-8080-exec-1] Initializing Servlet 'dispatcherServlet'
2024-06-09 11:53:51,525 [INFO] org.springframework.web.servlet.DispatcherServlet [http-nio-8080-exec-1] Completed initialization in 1 ms
2024-06-09 11:54:42,565 [INFO] org.springframework.boot.devtools.autoconfigure.LocalDevToolsAutoConfiguration$RestartingClassPathChangeChangedEventListener [File Watcher] Restarting due to 1 class path change (0 additions, 0 deletions, 1 modification)
2024-06-09 11:54:42,590 [INFO] org.springframework.orm.jpa.LocalContainerEntityManagerFactoryBean [Thread-6] Closing JPA EntityManagerFactory for persistence unit 'default'
2024-06-09 11:54:42,597 [INFO] com.zaxxer.hikari.HikariDataSource [Thread-6] HikariPool-1 - Shutdown initiated...
2024-06-09 11:54:43,808 [INFO] com.zaxxer.hikari.HikariDataSource [Thread-6] HikariPool-1 - Shutdown completed.
2024-06-09 11:54:43,898 [INFO] com.example.FeanApplication [restartedMain] Starting FeanApplication using Java 17.0.11 with PID 33856 (D:\Developer\Udemy\StudyEasy\FullStackJava\works\jsp-servlets\Feane\target\classes started by romik in D:\Developer\Udemy\StudyEasy\FullStackJava\works\jsp-servlets\Feane)
2024-06-09 11:54:43,899 [INFO] com.example.FeanApplication [restartedMain] No active profile set, falling back to 1 default profile: "default"
2024-06-09 11:54:44,021 [INFO] org.springframework.data.repository.config.RepositoryConfigurationDelegate [restartedMain] Bootstrapping Spring Data JPA repositories in DEFAULT mode.
2024-06-09 11:54:44,029 [INFO] org.springframework.data.repository.config.RepositoryConfigurationDelegate [restartedMain] Finished Spring Data repository scanning in 8 ms. Found 3 JPA repository interfaces.
2024-06-09 11:54:44,122 [INFO] org.springframework.boot.web.embedded.tomcat.TomcatWebServer [restartedMain] Tomcat initialized with port 8080 (http)
2024-06-09 11:54:44,123 [INFO] org.apache.catalina.core.StandardService [restartedMain] Starting service [Tomcat]
2024-06-09 11:54:44,123 [INFO] org.apache.catalina.core.StandardEngine [restartedMain] Starting Servlet engine: [Apache Tomcat/10.1.24]
2024-06-09 11:54:44,147 [INFO] org.apache.catalina.core.ContainerBase.[Tomcat].[localhost].[/] [restartedMain] Initializing Spring embedded WebApplicationContext
2024-06-09 11:54:44,148 [INFO] org.springframework.boot.web.servlet.context.ServletWebServerApplicationContext [restartedMain] Root WebApplicationContext: initialization completed in 248 ms
2024-06-09 11:54:44,159 [INFO] com.zaxxer.hikari.HikariDataSource [restartedMain] HikariPool-2 - Starting...
2024-06-09 11:54:44,177 [INFO] com.zaxxer.hikari.pool.HikariPool [restartedMain] HikariPool-2 - Added connection conn10: url=jdbc:h2:file:./db/blogdb user=ADMIN
2024-06-09 11:54:44,177 [INFO] com.zaxxer.hikari.HikariDataSource [restartedMain] HikariPool-2 - Start completed.
2024-06-09 11:54:44,177 [INFO] org.springframework.boot.autoconfigure.h2.H2ConsoleAutoConfiguration [restartedMain] H2 console available at '/db-console'. Database available at 'jdbc:h2:file:./db/blogdb'
2024-06-09 11:54:44,200 [INFO] org.hibernate.jpa.internal.util.LogHelper [restartedMain] HHH000204: Processing PersistenceUnitInfo [name: default]
2024-06-09 11:54:44,202 [INFO] org.hibernate.cache.internal.RegionFactoryInitiator [restartedMain] HHH000026: Second-level cache disabled
2024-06-09 11:54:44,210 [INFO] org.springframework.orm.jpa.persistenceunit.SpringPersistenceUnitInfo [restartedMain] No LoadTimeWeaver setup: ignoring JPA class transformer
2024-06-09 11:54:44,258 [INFO] org.hibernate.engine.transaction.jta.platform.internal.JtaPlatformInitiator [restartedMain] HHH000489: No JTA platform available (set 'hibernate.transaction.jta.platform' to enable JTA platform integration)
2024-06-09 11:54:44,264 [INFO] org.springframework.orm.jpa.LocalContainerEntityManagerFactoryBean [restartedMain] Initialized JPA EntityManagerFactory for persistence unit 'default'
2024-06-09 11:54:44,306 [WARN] org.springframework.boot.autoconfigure.orm.jpa.JpaBaseConfiguration$JpaWebConfiguration [restartedMain] spring.jpa.open-in-view is enabled by default. Therefore, database queries may be performed during view rendering. Explicitly configure spring.jpa.open-in-view to disable this warning
2024-06-09 11:54:44,309 [INFO] org.springframework.security.config.annotation.authentication.configuration.InitializeUserDetailsBeanManagerConfigurer$InitializeUserDetailsManagerConfigurer [restartedMain] Global AuthenticationManager configured with UserDetailsService bean with name accountService
2024-06-09 11:54:44,347 [INFO] org.springframework.security.web.DefaultSecurityFilterChain [restartedMain] Will secure any request with [org.springframework.security.web.session.DisableEncodeUrlFilter@41088b34, org.springframework.security.web.context.request.async.WebAsyncManagerIntegrationFilter@33d3f49f, org.springframework.security.web.context.SecurityContextHolderFilter@3a1113a0, org.springframework.security.web.header.HeaderWriterFilter@3bdfe277, org.springframework.web.filter.CorsFilter@64618f11, org.springframework.security.web.authentication.logout.LogoutFilter@82c2794, org.springframework.security.web.authentication.UsernamePasswordAuthenticationFilter@ddffed4, org.springframework.security.web.authentication.www.BasicAuthenticationFilter@64a6687c, org.springframework.security.web.savedrequest.RequestCacheAwareFilter@1322d270, org.springframework.security.web.servletapi.SecurityContextHolderAwareRequestFilter@7e9a368b, org.springframework.security.web.authentication.rememberme.RememberMeAuthenticationFilter@2fd80c06, org.springframework.security.web.authentication.AnonymousAuthenticationFilter@b3617a7, org.springframework.security.web.access.ExceptionTranslationFilter@2bc8c3bc, org.springframework.security.web.access.intercept.AuthorizationFilter@221994f5]
2024-06-09 11:54:44,380 [INFO] org.springframework.boot.devtools.autoconfigure.OptionalLiveReloadServer [restartedMain] LiveReload server is running on port 35729
2024-06-09 11:54:44,387 [INFO] org.springframework.boot.web.embedded.tomcat.TomcatWebServer [restartedMain] Tomcat started on port 8080 (http) with context path '/'
2024-06-09 11:54:44,390 [INFO] com.example.FeanApplication [restartedMain] Started FeanApplication in 0.511 seconds (process running for 66.182)
2024-06-09 11:54:44,615 [INFO] org.apache.catalina.core.ContainerBase.[Tomcat].[localhost].[/] [http-nio-8080-exec-1] Initializing Spring DispatcherServlet 'dispatcherServlet'
2024-06-09 11:54:44,615 [INFO] org.springframework.web.servlet.DispatcherServlet [http-nio-8080-exec-1] Initializing Servlet 'dispatcherServlet'
2024-06-09 11:54:44,616 [INFO] org.springframework.web.servlet.DispatcherServlet [http-nio-8080-exec-1] Completed initialization in 1 ms
2024-06-09 11:54:44,647 [INFO] org.springframework.boot.devtools.autoconfigure.ConditionEvaluationDeltaLoggingListener [restartedMain] Condition evaluation unchanged
2024-06-09 11:55:11,498 [INFO] org.springframework.boot.devtools.autoconfigure.LocalDevToolsAutoConfiguration$RestartingClassPathChangeChangedEventListener [File Watcher] Restarting due to 1 class path change (0 additions, 0 deletions, 1 modification)
2024-06-09 11:55:11,517 [INFO] org.springframework.orm.jpa.LocalContainerEntityManagerFactoryBean [Thread-8] Closing JPA EntityManagerFactory for persistence unit 'default'
2024-06-09 11:55:11,520 [INFO] com.zaxxer.hikari.HikariDataSource [Thread-8] HikariPool-2 - Shutdown initiated...
2024-06-09 11:55:11,759 [INFO] com.zaxxer.hikari.HikariDataSource [Thread-8] HikariPool-2 - Shutdown completed.
2024-06-09 11:55:11,843 [INFO] com.example.FeanApplication [restartedMain] Starting FeanApplication using Java 17.0.11 with PID 33856 (D:\Developer\Udemy\StudyEasy\FullStackJava\works\jsp-servlets\Feane\target\classes started by romik in D:\Developer\Udemy\StudyEasy\FullStackJava\works\jsp-servlets\Feane)
2024-06-09 11:55:11,844 [INFO] com.example.FeanApplication [restartedMain] No active profile set, falling back to 1 default profile: "default"
2024-06-09 11:55:11,943 [INFO] org.springframework.data.repository.config.RepositoryConfigurationDelegate [restartedMain] Bootstrapping Spring Data JPA repositories in DEFAULT mode.
2024-06-09 11:55:11,949 [INFO] org.springframework.data.repository.config.RepositoryConfigurationDelegate [restartedMain] Finished Spring Data repository scanning in 6 ms. Found 3 JPA repository interfaces.
2024-06-09 11:55:12,001 [INFO] org.springframework.boot.web.embedded.tomcat.TomcatWebServer [restartedMain] Tomcat initialized with port 8080 (http)
2024-06-09 11:55:12,002 [INFO] org.apache.catalina.core.StandardService [restartedMain] Starting service [Tomcat]
2024-06-09 11:55:12,002 [INFO] org.apache.catalina.core.StandardEngine [restartedMain] Starting Servlet engine: [Apache Tomcat/10.1.24]
2024-06-09 11:55:12,017 [INFO] org.apache.catalina.core.ContainerBase.[Tomcat].[localhost].[/] [restartedMain] Initializing Spring embedded WebApplicationContext
2024-06-09 11:55:12,017 [INFO] org.springframework.boot.web.servlet.context.ServletWebServerApplicationContext [restartedMain] Root WebApplicationContext: initialization completed in 172 ms
2024-06-09 11:55:12,024 [INFO] com.zaxxer.hikari.HikariDataSource [restartedMain] HikariPool-3 - Starting...
2024-06-09 11:55:12,035 [INFO] com.zaxxer.hikari.pool.HikariPool [restartedMain] HikariPool-3 - Added connection conn20: url=jdbc:h2:file:./db/blogdb user=ADMIN
2024-06-09 11:55:12,035 [INFO] com.zaxxer.hikari.HikariDataSource [restartedMain] HikariPool-3 - Start completed.
2024-06-09 11:55:12,035 [INFO] org.springframework.boot.autoconfigure.h2.H2ConsoleAutoConfiguration [restartedMain] H2 console available at '/db-console'. Database available at 'jdbc:h2:file:./db/blogdb'
2024-06-09 11:55:12,051 [INFO] org.hibernate.jpa.internal.util.LogHelper [restartedMain] HHH000204: Processing PersistenceUnitInfo [name: default]
2024-06-09 11:55:12,053 [INFO] org.hibernate.cache.internal.RegionFactoryInitiator [restartedMain] HHH000026: Second-level cache disabled
2024-06-09 11:55:12,058 [INFO] org.springframework.orm.jpa.persistenceunit.SpringPersistenceUnitInfo [restartedMain] No LoadTimeWeaver setup: ignoring JPA class transformer
2024-06-09 11:55:12,108 [INFO] org.hibernate.engine.transaction.jta.platform.internal.JtaPlatformInitiator [restartedMain] HHH000489: No JTA platform available (set 'hibernate.transaction.jta.platform' to enable JTA platform integration)
2024-06-09 11:55:12,119 [INFO] org.springframework.orm.jpa.LocalContainerEntityManagerFactoryBean [restartedMain] Initialized JPA EntityManagerFactory for persistence unit 'default'
2024-06-09 11:55:12,160 [WARN] org.springframework.boot.autoconfigure.orm.jpa.JpaBaseConfiguration$JpaWebConfiguration [restartedMain] spring.jpa.open-in-view is enabled by default. Therefore, database queries may be performed during view rendering. Explicitly configure spring.jpa.open-in-view to disable this warning
2024-06-09 11:55:12,165 [INFO] org.springframework.security.config.annotation.authentication.configuration.InitializeUserDetailsBeanManagerConfigurer$InitializeUserDetailsManagerConfigurer [restartedMain] Global AuthenticationManager configured with UserDetailsService bean with name accountService
2024-06-09 11:55:12,201 [INFO] org.springframework.security.web.DefaultSecurityFilterChain [restartedMain] Will secure any request with [org.springframework.security.web.session.DisableEncodeUrlFilter@683a4da7, org.springframework.security.web.context.request.async.WebAsyncManagerIntegrationFilter@393e581d, org.springframework.security.web.context.SecurityContextHolderFilter@14e4f23c, org.springframework.security.web.header.HeaderWriterFilter@479e8646, org.springframework.web.filter.CorsFilter@1adb0bc0, org.springframework.security.web.authentication.logout.LogoutFilter@4f14205, org.springframework.security.web.authentication.UsernamePasswordAuthenticationFilter@273edd60, org.springframework.security.web.authentication.www.BasicAuthenticationFilter@29d152e8, org.springframework.security.web.savedrequest.RequestCacheAwareFilter@1e2ed1d1, org.springframework.security.web.servletapi.SecurityContextHolderAwareRequestFilter@42839a8, org.springframework.security.web.authentication.rememberme.RememberMeAuthenticationFilter@89105f2, org.springframework.security.web.authentication.AnonymousAuthenticationFilter@1ae533fc, org.springframework.security.web.access.ExceptionTranslationFilter@be22fcb, org.springframework.security.web.access.intercept.AuthorizationFilter@29192a45]
2024-06-09 11:55:12,232 [INFO] org.springframework.boot.devtools.autoconfigure.OptionalLiveReloadServer [restartedMain] LiveReload server is running on port 35729
2024-06-09 11:55:12,240 [INFO] org.springframework.boot.web.embedded.tomcat.TomcatWebServer [restartedMain] Tomcat started on port 8080 (http) with context path '/'
2024-06-09 11:55:12,243 [INFO] com.example.FeanApplication [restartedMain] Started FeanApplication in 0.418 seconds (process running for 94.036)
2024-06-09 11:55:12,494 [INFO] org.springframework.boot.devtools.autoconfigure.ConditionEvaluationDeltaLoggingListener [restartedMain] Condition evaluation unchanged
2024-06-09 11:55:13,854 [INFO] org.apache.catalina.core.ContainerBase.[Tomcat].[localhost].[/] [http-nio-8080-exec-1] Initializing Spring DispatcherServlet 'dispatcherServlet'
2024-06-09 11:55:13,855 [INFO] org.springframework.web.servlet.DispatcherServlet [http-nio-8080-exec-1] Initializing Servlet 'dispatcherServlet'
2024-06-09 11:55:13,855 [INFO] org.springframework.web.servlet.DispatcherServlet [http-nio-8080-exec-1] Completed initialization in 0 ms
2024-06-09 11:55:46,520 [INFO] org.springframework.boot.devtools.autoconfigure.LocalDevToolsAutoConfiguration$RestartingClassPathChangeChangedEventListener [File Watcher] Restarting due to 1 class path change (0 additions, 0 deletions, 1 modification)
2024-06-09 11:55:46,542 [INFO] org.springframework.orm.jpa.LocalContainerEntityManagerFactoryBean [Thread-12] Closing JPA EntityManagerFactory for persistence unit 'default'
2024-06-09 11:55:46,544 [INFO] com.zaxxer.hikari.HikariDataSource [Thread-12] HikariPool-3 - Shutdown initiated...
2024-06-09 11:55:46,749 [INFO] com.zaxxer.hikari.HikariDataSource [Thread-12] HikariPool-3 - Shutdown completed.
2024-06-09 11:55:46,832 [INFO] com.example.FeanApplication [restartedMain] Starting FeanApplication using Java 17.0.11 with PID 33856 (D:\Developer\Udemy\StudyEasy\FullStackJava\works\jsp-servlets\Feane\target\classes started by romik in D:\Developer\Udemy\StudyEasy\FullStackJava\works\jsp-servlets\Feane)
2024-06-09 11:55:46,832 [INFO] com.example.FeanApplication [restartedMain] No active profile set, falling back to 1 default profile: "default"
2024-06-09 11:55:46,931 [INFO] org.springframework.data.repository.config.RepositoryConfigurationDelegate [restartedMain] Bootstrapping Spring Data JPA repositories in DEFAULT mode.
2024-06-09 11:55:46,938 [INFO] org.springframework.data.repository.config.RepositoryConfigurationDelegate [restartedMain] Finished Spring Data repository scanning in 7 ms. Found 3 JPA repository interfaces.
2024-06-09 11:55:47,042 [INFO] org.springframework.boot.web.embedded.tomcat.TomcatWebServer [restartedMain] Tomcat initialized with port 8080 (http)
2024-06-09 11:55:47,043 [INFO] org.apache.catalina.core.StandardService [restartedMain] Starting service [Tomcat]
2024-06-09 11:55:47,043 [INFO] org.apache.catalina.core.StandardEngine [restartedMain] Starting Servlet engine: [Apache Tomcat/10.1.24]
2024-06-09 11:55:47,082 [INFO] org.apache.catalina.core.ContainerBase.[Tomcat].[localhost].[/] [restartedMain] Initializing Spring embedded WebApplicationContext
2024-06-09 11:55:47,083 [INFO] org.springframework.boot.web.servlet.context.ServletWebServerApplicationContext [restartedMain] Root WebApplicationContext: initialization completed in 250 ms
2024-06-09 11:55:47,099 [INFO] com.zaxxer.hikari.HikariDataSource [restartedMain] HikariPool-4 - Starting...
2024-06-09 11:55:47,117 [INFO] com.zaxxer.hikari.pool.HikariPool [restartedMain] HikariPool-4 - Added connection conn30: url=jdbc:h2:file:./db/blogdb user=ADMIN
2024-06-09 11:55:47,117 [INFO] com.zaxxer.hikari.HikariDataSource [restartedMain] HikariPool-4 - Start completed.
2024-06-09 11:55:47,117 [INFO] org.springframework.boot.autoconfigure.h2.H2ConsoleAutoConfiguration [restartedMain] H2 console available at '/db-console'. Database available at 'jdbc:h2:file:./db/blogdb'
2024-06-09 11:55:47,137 [INFO] org.hibernate.jpa.internal.util.LogHelper [restartedMain] HHH000204: Processing PersistenceUnitInfo [name: default]
2024-06-09 11:55:47,139 [INFO] org.hibernate.cache.internal.RegionFactoryInitiator [restartedMain] HHH000026: Second-level cache disabled
2024-06-09 11:55:47,144 [INFO] org.springframework.orm.jpa.persistenceunit.SpringPersistenceUnitInfo [restartedMain] No LoadTimeWeaver setup: ignoring JPA class transformer
2024-06-09 11:55:47,191 [INFO] org.hibernate.engine.transaction.jta.platform.internal.JtaPlatformInitiator [restartedMain] HHH000489: No JTA platform available (set 'hibernate.transaction.jta.platform' to enable JTA platform integration)
2024-06-09 11:55:47,196 [INFO] org.springframework.orm.jpa.LocalContainerEntityManagerFactoryBean [restartedMain] Initialized JPA EntityManagerFactory for persistence unit 'default'
2024-06-09 11:55:47,235 [WARN] org.springframework.boot.autoconfigure.orm.jpa.JpaBaseConfiguration$JpaWebConfiguration [restartedMain] spring.jpa.open-in-view is enabled by default. Therefore, database queries may be performed during view rendering. Explicitly configure spring.jpa.open-in-view to disable this warning
2024-06-09 11:55:47,239 [INFO] org.springframework.security.config.annotation.authentication.configuration.InitializeUserDetailsBeanManagerConfigurer$InitializeUserDetailsManagerConfigurer [restartedMain] Global AuthenticationManager configured with UserDetailsService bean with name accountService
2024-06-09 11:55:47,274 [INFO] org.springframework.security.web.DefaultSecurityFilterChain [restartedMain] Will secure any request with [org.springframework.security.web.session.DisableEncodeUrlFilter@7194ac0, org.springframework.security.web.context.request.async.WebAsyncManagerIntegrationFilter@12753139, org.springframework.security.web.context.SecurityContextHolderFilter@20342926, org.springframework.security.web.header.HeaderWriterFilter@5c461237, org.springframework.web.filter.CorsFilter@47b440e8, org.springframework.security.web.authentication.logout.LogoutFilter@24eeefe2, org.springframework.security.web.authentication.UsernamePasswordAuthenticationFilter@5fe95208, org.springframework.security.web.authentication.www.BasicAuthenticationFilter@cab37e8, org.springframework.security.web.savedrequest.RequestCacheAwareFilter@ee84154, org.springframework.security.web.servletapi.SecurityContextHolderAwareRequestFilter@4929ebc7, org.springframework.security.web.authentication.rememberme.RememberMeAuthenticationFilter@63c2881f, org.springframework.security.web.authentication.AnonymousAuthenticationFilter@30c1ba71, org.springframework.security.web.access.ExceptionTranslationFilter@2aada573, org.springframework.security.web.access.intercept.AuthorizationFilter@6e3151c6]
2024-06-09 11:55:47,303 [INFO] org.springframework.boot.devtools.autoconfigure.OptionalLiveReloadServer [restartedMain] LiveReload server is running on port 35729
2024-06-09 11:55:47,310 [INFO] org.springframework.boot.web.embedded.tomcat.TomcatWebServer [restartedMain] Tomcat started on port 8080 (http) with context path '/'
2024-06-09 11:55:47,312 [INFO] com.example.FeanApplication [restartedMain] Started FeanApplication in 0.498 seconds (process running for 129.105)
2024-06-09 11:55:47,558 [INFO] org.springframework.boot.devtools.autoconfigure.ConditionEvaluationDeltaLoggingListener [restartedMain] Condition evaluation unchanged
2024-06-09 11:55:49,228 [INFO] org.apache.catalina.core.ContainerBase.[Tomcat].[localhost].[/] [http-nio-8080-exec-1] Initializing Spring DispatcherServlet 'dispatcherServlet'
2024-06-09 11:55:49,228 [INFO] org.springframework.web.servlet.DispatcherServlet [http-nio-8080-exec-1] Initializing Servlet 'dispatcherServlet'
2024-06-09 11:55:49,229 [INFO] org.springframework.web.servlet.DispatcherServlet [http-nio-8080-exec-1] Completed initialization in 1 ms
2024-06-09 12:07:39,045 [INFO] org.springframework.boot.admin.SpringApplicationAdminMXBeanRegistrar$SpringApplicationAdmin [RMI TCP Connection(16)-127.0.0.1] Application shutdown requested.
2024-06-09 12:07:39,064 [INFO] org.springframework.orm.jpa.LocalContainerEntityManagerFactoryBean [RMI TCP Connection(16)-127.0.0.1] Closing JPA EntityManagerFactory for persistence unit 'default'
2024-06-09 12:07:39,065 [INFO] com.zaxxer.hikari.HikariDataSource [RMI TCP Connection(16)-127.0.0.1] HikariPool-4 - Shutdown initiated...
2024-06-09 12:07:39,359 [INFO] com.zaxxer.hikari.HikariDataSource [RMI TCP Connection(16)-127.0.0.1] HikariPool-4 - Shutdown completed.
